c:\users\δήμητρα\source\repos\demoooo\demoooo\debug\vc141.pdb
c:\users\δήμητρα\source\repos\demoooo\demoooo\debug\vc141.idb
c:\users\δήμητρα\source\repos\demoooo\demoooo\debug\demoooo.obj
c:\users\δήμητρα\documents\σχολη\πανεπιστημιο πειραια\2. δομες δεδομένων\demoooo\demoooo\debug\vc141.pdb
c:\users\δήμητρα\documents\σχολη\πανεπιστημιο πειραια\2. δομες δεδομένων\demoooo\demoooo\debug\vc141.idb
c:\users\δήμητρα\documents\σχολη\πανεπιστημιο πειραια\2. δομες δεδομένων\demoooo\demoooo\debug\demoooo.obj
c:\users\δήμητρα\source\repos\demoooo\debug\demoooo.ilk
c:\users\δήμητρα\source\repos\demoooo\debug\demoooo.exe
c:\users\δήμητρα\source\repos\demoooo\debug\demoooo.pdb
c:\users\δήμητρα\documents\σχολη\πανεπιστημιο πειραια\2. δομες δεδομένων\demoooo\debug\demoooo.exe
c:\users\δήμητρα\documents\σχολη\πανεπιστημιο πειραια\2. δομες δεδομένων\demoooo\debug\demoooo.ilk
c:\users\δήμητρα\documents\σχολη\πανεπιστημιο πειραια\2. δομες δεδομένων\demoooo\debug\demoooo.pdb
c:\users\δήμητρα\desktop\wiki\arxeia dimitras\locker\σχολη\πανεπιστημιο πειραια\περασμένα (ξεχασμένα)\2. δομες δεδομένων\demoooo\demoooo\debug\demoooo.obj
c:\users\δήμητρα\desktop\wiki\arxeia dimitras\locker\σχολη\πανεπιστημιο πειραια\περασμένα (ξεχασμένα)\2. δομες δεδομένων\demoooo\demoooo\debug\vc141.idb
c:\users\δήμητρα\desktop\wiki\arxeia dimitras\locker\σχολη\πανεπιστημιο πειραια\περασμένα (ξεχασμένα)\2. δομες δεδομένων\demoooo\demoooo\debug\vc141.pdb
c:\users\δήμητρα\desktop\wiki\arxeia dimitras\locker\σχολη\πανεπιστημιο πειραια\περασμένα (ξεχασμένα)\2. δομες δεδομένων\demoooo\debug\demoooo.pdb
c:\users\δήμητρα\desktop\wiki\arxeia dimitras\locker\σχολη\πανεπιστημιο πειραια\περασμένα (ξεχασμένα)\2. δομες δεδομένων\demoooo\debug\demoooo.exe
c:\users\δήμητρα\desktop\wiki\arxeia dimitras\locker\σχολη\πανεπιστημιο πειραια\περασμένα (ξεχασμένα)\2. δομες δεδομένων\demoooo\debug\demoooo.ilk
c:\users\δήμητρα\desktop\wiki\arxeia dimitras\locker\σχολη\πανεπιστημιο πειραια\περασμένα (ξεχασμένα)\2. δομες δεδομένων\demoooo\demoooo\debug\demoooo.tlog\cl.command.1.tlog
c:\users\δήμητρα\desktop\wiki\arxeia dimitras\locker\σχολη\πανεπιστημιο πειραια\περασμένα (ξεχασμένα)\2. δομες δεδομένων\demoooo\demoooo\debug\demoooo.tlog\cl.read.1.tlog
c:\users\δήμητρα\desktop\wiki\arxeia dimitras\locker\σχολη\πανεπιστημιο πειραια\περασμένα (ξεχασμένα)\2. δομες δεδομένων\demoooo\demoooo\debug\demoooo.tlog\cl.write.1.tlog
c:\users\δήμητρα\desktop\wiki\arxeia dimitras\locker\σχολη\πανεπιστημιο πειραια\περασμένα (ξεχασμένα)\2. δομες δεδομένων\demoooo\demoooo\debug\demoooo.tlog\link.command.1.tlog
c:\users\δήμητρα\desktop\wiki\arxeia dimitras\locker\σχολη\πανεπιστημιο πειραια\περασμένα (ξεχασμένα)\2. δομες δεδομένων\demoooo\demoooo\debug\demoooo.tlog\link.read.1.tlog
c:\users\δήμητρα\desktop\wiki\arxeia dimitras\locker\σχολη\πανεπιστημιο πειραια\περασμένα (ξεχασμένα)\2. δομες δεδομένων\demoooo\demoooo\debug\demoooo.tlog\link.write.1.tlog
